<?xml version="1.0" encoding="UTF-8"?>
<testsuite name="com.rentpal.rentpal_backend.RentPalBackendApplicationTests" tests="1" skipped="0" failures="0" errors="0" timestamp="2025-10-09T19:55:30.067Z" hostname="Tech-nebulaes-MacBook-Air-149.local" time="0.226">
  <properties/>
  <testcase name="contextLoads()" classname="com.rentpal.rentpal_backend.RentPalBackendApplicationTests" time="0.226"/>
  <system-out><![CDATA[01:25:28.773 [Test worker] INFO org.springframework.test.context.support.AnnotationConfigContextLoaderUtils -- Could not detect default configuration classes for test class [com.rentpal.rentpal_backend.RentPalBackendApplicationTests]: RentPalBackendApplicationTests does not declare any static, non-private, non-final, nested classes annotated with @Configuration.
01:25:28.810 [Test worker] INFO org.springframework.boot.test.context.SpringBootTestContextBootstrapper -- Found @SpringBootConfiguration com.rentpal.rentpal_backend.RentPalBackendApplication for test class com.rentpal.rentpal_backend.RentPalBackendApplicationTests

  .   ____          _            __ _ _
 /\\ / ___'_ __ _ _(_)_ __  __ _ \ \ \ \
( ( )\___ | '_ | '_| | '_ \/ _` | \ \ \ \
 \\/  ___)| |_)| | | | | || (_| |  ) ) ) )
  '  |____| .__|_| |_|_| |_\__, | / / / /
 =========|_|==============|___/=/_/_/_/

 :: Spring Boot ::                (v3.5.6)

2025-10-10T01:25:28.935+05:30  INFO 57874 --- [    Test worker] c.r.r.RentPalBackendApplicationTests     : Starting RentPalBackendApplicationTests using Java 21.0.8 with PID 57874 (started by tech_nebulae in /Users/tech_nebulae/rentpal-backend)
2025-10-10T01:25:28.935+05:30  INFO 57874 --- [    Test worker] c.r.r.RentPalBackendApplicationTests     : No active profile set, falling back to 1 default profile: "default"
2025-10-10T01:25:29.120+05:30  INFO 57874 --- [    Test worker] .s.d.r.c.RepositoryConfigurationDelegate : Bootstrapping Spring Data JPA repositories in DEFAULT mode.
2025-10-10T01:25:29.136+05:30  INFO 57874 --- [    Test worker] .s.d.r.c.RepositoryConfigurationDelegate : Finished Spring Data repository scanning in 13 ms. Found 2 JPA repository interfaces.
2025-10-10T01:25:29.252+05:30  INFO 57874 --- [    Test worker] o.hibernate.jpa.internal.util.LogHelper  : HHH000204: Processing PersistenceUnitInfo [name: default]
2025-10-10T01:25:29.266+05:30  INFO 57874 --- [    Test worker] org.hibernate.Version                    : HHH000412: Hibernate ORM core version 6.6.29.Final
2025-10-10T01:25:29.275+05:30  INFO 57874 --- [    Test worker] o.h.c.internal.RegionFactoryInitiator    : HHH000026: Second-level cache disabled
2025-10-10T01:25:29.358+05:30  INFO 57874 --- [    Test worker] o.s.o.j.p.SpringPersistenceUnitInfo      : No LoadTimeWeaver setup: ignoring JPA class transformer
2025-10-10T01:25:29.367+05:30  INFO 57874 --- [    Test worker] com.zaxxer.hikari.HikariDataSource       : HikariPool-1 - Starting...
2025-10-10T01:25:29.471+05:30  INFO 57874 --- [    Test worker] com.zaxxer.hikari.pool.HikariPool        : HikariPool-1 - Added connection com.mysql.cj.jdbc.ConnectionImpl@69069866
2025-10-10T01:25:29.471+05:30  INFO 57874 --- [    Test worker] com.zaxxer.hikari.HikariDataSource       : HikariPool-1 - Start completed.
2025-10-10T01:25:29.512+05:30  INFO 57874 --- [    Test worker] org.hibernate.orm.connections.pooling    : HHH10001005: Database info:
	Database JDBC URL [Connecting through datasource 'HikariDataSource (HikariPool-1)']
	Database driver: undefined/unknown
	Database version: 9.4
	Autocommit mode: undefined/unknown
	Isolation level: undefined/unknown
	Minimum pool size: undefined/unknown
	Maximum pool size: undefined/unknown
2025-10-10T01:25:29.773+05:30  INFO 57874 --- [    Test worker] o.h.e.t.j.p.i.JtaPlatformInitiator       : HHH000489: No JTA platform available (set 'hibernate.transaction.jta.platform' to enable JTA platform integration)
2025-10-10T01:25:29.833+05:30  INFO 57874 --- [    Test worker] j.LocalContainerEntityManagerFactoryBean : Initialized JPA EntityManagerFactory for persistence unit 'default'
2025-10-10T01:25:29.936+05:30  WARN 57874 --- [    Test worker] JpaBaseConfiguration$JpaWebConfiguration : spring.jpa.open-in-view is enabled by default. Therefore, database queries may be performed during view rendering. Explicitly configure spring.jpa.open-in-view to disable this warning
2025-10-10T01:25:30.062+05:30  INFO 57874 --- [    Test worker] c.r.r.RentPalBackendApplicationTests     : Started RentPalBackendApplicationTests in 1.203 seconds (process running for 1.641)
]]></system-out>
  <system-err><![CDATA[Mockito is currently self-attaching to enable the inline-mock-maker. This will no longer work in future releases of the JDK. Please add Mockito as an agent to your build as described in Mockito's documentation: https://javadoc.io/doc/org.mockito/mockito-core/latest/org.mockito/org/mockito/Mockito.html#0.3
WARNING: A Java agent has been loaded dynamically (/Users/tech_nebulae/.gradle/caches/modules-2/files-2.1/net.bytebuddy/byte-buddy-agent/1.17.7/fbf3d6d649ed37fc9e9c59480a05be0a26e3c2da/byte-buddy-agent-1.17.7.jar)
WARNING: If a serviceability tool is in use, please run with -XX:+EnableDynamicAgentLoading to hide this warning
WARNING: If a serviceability tool is not in use, please run with -Djdk.instrument.traceUsage for more information
WARNING: Dynamic loading of agents will be disallowed by default in a future release
]]></system-err>
</testsuite>
